----------------------------- xHarbour Error Log ------------------------------

Date...............: 11/07/19
Time...............: 15:56:51

Application name...: hboleto
Workstation name...: RWIN7-NOTE
Available memory...: 1283708
Current disk.......: E
Current directory..: hbranch\brotas\pla\190711
Free disk space....: 30086303744

Operating system...: Windows 7 Professional 6.01.7601 Service Pack 1
xHarbour version...: xHarbour 1.2.3 Intl. (SimpLex) (Build 20130410)
xHarbour built on..: Apr 16 2013 20:21:22
C/C++ compiler.....: Pelles ISO C Compiler 3.0 (32 bit)
Multi Threading....: NO
VM Optimization....: 2

Current Area ......:1

-------------------------- Environmental Information --------------------------

SET ALTERNATE......: OFF
SET ALTFILE........: 
SET AUTOPEN........: ON
SET AUTORDER.......: 0
SET AUTOSHARE......: 0
SET BACKGROUNDTASKS: OFF
SET BACKGROUNDTICK.: 1000
SET BELL...........: OFF
SET BLINK..........: .T.
SET CANCEL.........: ON
SET CENTURY........: OFF
SET COLOR..........: W/N,N/W,N/N,N/N,N/W
SET CONFIRM........: OFF
SET CONSOLE........: ON
SET COUNT..........: 0
SET CURSOR.........: 1
SET DATE FORMAT....: DD/MM/YY
SET DBFLOCKSCHEME..: 0
SET DEBUG..........: OFF
SET DECIMALS.......: 2
SET DEFAULT........: 
SET DEFEXTENSIONS..: ON
SET DELETED........: OFF
SET DELIMCHARS.....: ::
SET DELIMETERS.....: OFF
SET DEVICE.........: SCREEN
SET DIRCASE........: 0
SET DIRSEPARATOR...: \
SET EOL............: 13
SET EPOCH..........: 1900
SET ERRORLOG.......: ERROR.LOG,.F.
SET ERRORLOOP......: 8
SET ESCAPE.........: ON
SET EVENTMASK......: 128
SET EXACT..........: OFF
SET EXCLUSIVE......: ON
SET EXIT...........: OFF
SET EXTRA..........: OFF
SET EXTRAFILE......: 
SET FILECASE.......: 0
SET FIXED..........: OFF
SET FORCEOPT.......: OFF
SET HARDCOMMIT.....: ON
SET IDLEREPEAT.....: ON
SET INSERT.........: OFF
SET INTENSITY......: ON
SET LANGUAGE.......: EN
SET MARGIN.........: 0
SET MBLOCKSIZE.....: 0
SET MCENTER........: OFF
SET MESSAGE........: 0
SET MFILEEXT.......: 
SET OPTIMIZE.......: ON
SET OUTPUTSAFETY...: ON
SET PATH...........: 
SET PRINTER........: OFF
SET PRINTERJOB.....: 
SET PRINTFILE......: PRN
SET SCOREBOARD.....: ON
SET SCROLLBREAK....: ON
SET SOFTSEEK.......: OFF
SET STRICTREAD.....: OFF
SET TRACE..........: ON
SET TRACEFILE......: TRACE.LOG
SET TRACESTACK.....: 2
SET TRIMFILENAME...: .F.
SET TYPEAHEAD......: 50
SET UNIQUE.........: OFF
SET VIDEOMODE......: 0
SET WRAP...........: OFF

---------------------------Detailed Work Area Items----------------------------


-------------------- Internal Error Handling Information  ---------------------

Subsystem Call ....: InternetExplorer.Application
System Code .......: 1717
Default Status ....: .F.
Description .......: Unknown error
Operation .........: READYSTATE
Arguments .........: 
Involved File .....: 
Dos Error Code ....: 0

 Trace Through:
----------------
TOLEAUTO:READYSTATE   :       0 in Module: 
HTMLPRINT:PRINT       :     213 in Module: htmlprint.prg
PRINTHTML             :     117 in Module: htmlprint.prg
OBOLETO:PRINT         :     944 in Module: oboleto.prg
MAIN                  :     118 in Module: hboleto.prg


############################## Video Screen Dump ##############################

+--------------------------------------------------------------------------------+
|                                                                                |
|                                                                                |
|                                                                                |
|                                                                                |
|                                                                                |
|                                                                                |
|                                                                                |
|                                                                                |
|                                                                                |
|                                                                                |
|                                                                                |
|                                                                                |
|                                                                                |
|                                                                                |
|                                                                                |
|                                                                                |
|                                                                                |
|                                                                                |
|                                                                                |
|                                                                                |
|                                                                                |
|                                                                                |
|                                                                                |
|                                                                                |
|                                                                                |
|                                                                                |
|                                                                                |
|                                                                                |
|                                                                                |
|                                                                                |
|                                                                                |
|                                                                                |
|                                                                                |
|                                                                                |
|                                                                                |
|                                                                                |
|                                                                                |
|                                                                                |
|                                                                                |
|                                                                                |
|                                                                                |
|                                                                                |
|                                                                                |
|                                                                                |
|                                                                                |
|                                                                                |
|                                                                                |
|                                                                                |
|                                                                                |
|                                                                                |
|                                                                                |
|                                                                                |
|                                                                                |
|                                                                                |
|                                                                                |
|                                                                                |
|                                                                                |
|                                                                                |
|                                                                                |
|                                                                                |
|                                                                                |
|                                                                                |
|                                                                                |
|                                                                                |
|                                                                                |
|                                                                                |
|                                                                                |
|                                                                                |
|                                                                                |
|                                                                                |
|                                                                                |
|                                                                                |
|                                                                                |
|                                                                                |
|                                                                                |
|                                                                                |
|                                                                                |
|                                                                                |
|                                                                                |
|                                                                                |
|                                                                                |
|                                                                                |
|                                                                                |
|                                                                                |
|                                                                                |
|                                                                                |
|                                                                                |
|                                                                                |
|                                                                                |
|                                                                                |
|                                                                                |
|                                                                                |
|                                                                                |
|                                                                                |
|                                                                                |
|                                                                                |
|                                                                                |
|                                                                                |
|                                                                                |
|                                                                                |
|                                                                                |
|                                                                                |
|                                                                                |
|                                                                                |
|                                                                                |
|                                                                                |
|                                                                                |
|                                                                                |
|                                                                                |
|                                                                                |
|                                                                                |
|                                                                                |
|                                                                                |
|                                                                                |
|                                                                                |
|                                                                                |
|                                                                                |
|                                                                                |
|                                                                                |
|                                                                                |
|                                                                                |
|                                                                                |
|                                                                                |
|                                                                                |
|                                                                                |
|                                                                                |
|                                                                                |
|                                                                                |
|                                                                                |
|                                                                                |
|                                                                                |
|                                                                                |
|                                                                                |
|                                                                                |
|                                                                                |
|                                                                                |
|                                                                                |
|                                                                                |
|                                                                                |
|                                                                                |
|                                                                                |
|                                                                                |
|                                                                                |
|                                                                                |
|                                                                                |
|                                                                                |
|                                                                                |
|                                                                                |
|                                                                                |
|                                                                                |
|                                                                                |
|                                                                                |
|                                                                                |
|                                                                                |
|                                                                                |
|                                                                                |
|                                                                                |
|                                                                                |
|                                                                                |
|                                                                                |
|                                                                                |
|                                                                                |
|                                                                                |
|                                                                                |
|                                                                                |
|                                                                                |
|                                                                                |
|                                                                                |
|                                                                                |
|                                                                                |
|                                                                                |
|                                                                                |
|                                                                                |
|                                                                                |
|                                                                                |
|                                                                                |
|                                                                                |
|                                                                                |
|                                                                                |
|                                                                                |
|                                                                                |
|                                                                                |
|                                                                                |
|                                                                                |
|                                                                                |
|                                                                                |
|                                                                                |
|                                                                                |
|                                                                                |
|                                                                                |
|                                                                                |
|                                                                                |
|                                                                                |
|                                                                                |
|                                                                                |
|                                                                                |
|                                                                                |
|                                                                                |
|                                                                                |
|                                                                                |
|                                                                                |
|                                                                                |
|                                                                                |
|                                                                                |
|                                                                                |
|                                                                                |
|                                                                                |
|                                                                                |
|                                                                                |
|                                                                                |
|                                                                                |
|                                                                                |
|                                                                                |
|                                                                                |
|                                                                                |
|                                                                                |
|                                                                                |
|                                                                                |
|                                                                                |
|                                                                                |
|                                                                                |
|                                                                                |
|                                                                                |
|                                                                                |
|                                                                                |
|                                                                                |
|                                                                                |
|                                                                                |
|                                                                                |
|                                                                                |
|                                                                                |
|                                                                                |
|                                                                                |
|                                                                                |
|                                                                                |
|                                                                                |
|                                                                                |
|                                                                                |
|                                                                                |
|                                                                                |
|                                                                                |
|                                                                                |
|                                                                                |
|                                                                                |
|                                                                                |
|                                                                                |
|                                                                                |
|                                                                                |
|                                                                                |
|                                                                                |
|                                                                                |
|                                                                                |
|                                                                                |
|                                                                                |
|                                                                                |
|                                                                                |
|                                                                                |
|                                                                                |
|                                                                                |
|                                                                                |
|                                                                                |
|                                                                                |
|                                                                                |
|                                                                                |
|                                                                                |
|                                                                                |
|                                                                                |
|06/07/2016  09:57           128,503 boleto.htm                                  |
|29/06/2016  13:43            72,525 bol5.htm                                    |
|05/01/2010  10:30            23,398 b9it33~6.htm                                |
|29/06/2016  12:43            72,525 boleto2.htm                                 |
|11/07/2019  10:52            20,958 bol.htm                                     |
|03/08/2006  13:02            13,852 bmsso6~l.htm                                |
|              10 File(s)        599,051 bytes                                   |
|               0 Dir(s)  30,086,275,072 bytes free                              |
|                                                                                |
|E:\hbranch\brotas\pla\190711>copy *.htm c:\boleto                               |
|bol6.htm                                                                        |
|bol4.htm                                                                        |
|bol2.htm                                                                        |
|bol7.htm                                                                        |
|boleto.htm                                                                      |
|Overwrite c:\boleto\boleto.htm? (Yes/No/All): y                                 |
|bol5.htm                                                                        |
|b9it33~6.htm                                                                    |
|boleto2.htm                                                                     |
|bol.htm                                                                         |
|bmsso6~l.htm                                                                    |
|       10 file(s) copied.                                                       |
|                                                                                |
|E:\hbranch\brotas\pla\190711>hboleto bolpdf.ini                                 |
|                                                                                |
|Error InternetExplorer.Application/1717  Unknown error: READYSTATE Arguments: ()|
|                                                                                |
|                                                                                |
|Error at ...: TOLEAUTO:READYSTATE(0) in Module:                                 |
|Called from : HTMLPRINT:PRINT(213) in Module: htmlprint.prg                     |
|Called from : PRINTHTML(117) in Module: htmlprint.prg                           |
|Called from : OBOLETO:PRINT(944) in Module: oboleto.prg                         |
|Called from : MAIN(118) in Module: hboleto.prg                                  |
+--------------------------------------------------------------------------------+


